#
# There is insufficient memory for the Java Runtime Environment to continue.
# Native memory allocation (malloc) failed to allocate 196816 bytes for Chunk::new
# Possible reasons:
#   The system is out of physical RAM or swap space
#   The process is running with CompressedOops enabled, and the Java Heap may be blocking the growth of the native heap
# Possible solutions:
#   Reduce memory load on the system
#   Increase physical memory or swap space
#   Check if swap backing store is full
#   Decrease Java heap size (-Xmx/-Xms)
#   Decrease number of Java threads
#   Decrease Java thread stack sizes (-Xss)
#   Set larger code cache with -XX:ReservedCodeCacheSize=
#   JVM is running with Unscaled Compressed Oops mode in which the Java heap is
#     placed in the first 4GB address space. The Java Heap base address is the
#     maximum limit for the native heap growth. Please use -XX:HeapBaseMinAddress
#     to set the Java Heap base and to place the Java Heap above 4GB virtual address.
# This output file may be truncated or incomplete.
#
#  Out of Memory Error (arena.cpp:189), pid=10604, tid=11836
#
# JRE version: OpenJDK Runtime Environment Temurin-17.0.8.1+1 (17.0.8.1+1) (build 17.0.8.1+1)
# Java VM: OpenJDK 64-Bit Server VM Temurin-17.0.8.1+1 (17.0.8.1+1, mixed mode, tiered, compressed oops, compressed class ptrs, parallel gc, windows-amd64)
# No core dump will be written. Minidumps are not enabled by default on client versions of Windows
#

---------------  S U M M A R Y ------------

Command Line: --add-modules=ALL-SYSTEM --add-opens=java.base/java.util=ALL-UNNAMED --add-opens=java.base/java.lang=ALL-UNNAMED --add-opens=java.base/sun.nio.fs=ALL-UNNAMED -Declipse.application=org.eclipse.jdt.ls.core.id1 -Dosgi.bundles.defaultStartLevel=4 -Declipse.product=org.eclipse.jdt.ls.core.product -Djava.import.generatesMetadataFilesAtProjectRoot=false -DDetectVMInstallationsJob.disabled=true -Dfile.encoding=utf8 -XX:+UseParallelGC -XX:GCTimeRatio=4 -XX:AdaptiveSizePolicyWeight=90 -Dsun.zip.disableMemoryMapping=true -Xmx1G -Xms100m -Xlog:disable -javaagent:c:\Users\asus\.vscode\extensions\redhat.java-1.23.0-win32-x64\lombok\lombok-1.18.30.jar -XX:+HeapDumpOnOutOfMemoryError -XX:HeapDumpPath=c:\Users\asus\AppData\Roaming\Code\User\workspaceStorage\b60d74ec3a1dd348aca232555048b1a8\redhat.java -Daether.dependencyCollector.impl=bf c:\Users\asus\.vscode\extensions\redhat.java-1.23.0-win32-x64\server\plugins\org.eclipse.equinox.launcher_1.6.500.v20230717-2134.jar -configuration c:\Users\asus\AppData\Roaming\Code\User\globalStorage\redhat.java\1.23.0\config_win -data c:\Users\asus\AppData\Roaming\Code\User\workspaceStorage\b60d74ec3a1dd348aca232555048b1a8\redhat.java\jdt_ws

Host: Intel(R) Core(TM) i5-10210U CPU @ 1.60GHz, 8 cores, 7G,  Windows 11 , 64 bit Build 22621 (10.0.22621.2070)
Time: Tue Oct 10 16:49:15 2023 SE Asia Standard Time elapsed time: 8.132278 seconds (0d 0h 0m 8s)

---------------  T H R E A D  ---------------

Current thread (0x000001e5a06c9d10):  JavaThread "C2 CompilerThread0" daemon [_thread_in_native, id=11836, stack(0x00000071a3d00000,0x00000071a3e00000)]


Current CompileTask:
C2:   8132 1794   !   4       java.lang.String::<init> (843 bytes)

Stack: [0x00000071a3d00000,0x00000071a3e00000]
Native frames: (J=compiled Java code, j=interpreted, Vv=VM code, C=native code)
V  [jvm.dll+0x678b0a]
V  [jvm.dll+0x835e84]
V  [jvm.dll+0x83762e]
V  [jvm.dll+0x837c93]
V  [jvm.dll+0x24746f]
V  [jvm.dll+0xac20c]
V  [jvm.dll+0xac7dc]
V  [jvm.dll+0x365c52]
V  [jvm.dll+0x3301a1]
V  [jvm.dll+0x32f64a]
V  [jvm.dll+0x219bf1]
V  [jvm.dll+0x219011]
V  [jvm.dll+0x1a534d]
V  [jvm.dll+0x228d8a]
V  [jvm.dll+0x226dcc]
V  [jvm.dll+0x7ec09b]
V  [jvm.dll+0x7e64ca]
V  [jvm.dll+0x677955]
C  [ucrtbase.dll+0x29363]
C  [KERNEL32.DLL+0x126ad]
C  [ntdll.dll+0x5aa68]


---------------  P R O C E S S  ---------------

Threads class SMR info:
_java_thread_list=0x000001e5a0a34610, length=15, elements={
0x000001e58775e660, 0x000001e587808f60, 0x000001e59b5c1a30, 0x000001e59b5cbf00,
0x000001e59b5cda40, 0x000001e59b5ce510, 0x000001e5a06c7100, 0x000001e5a06c9d10,
0x000001e5a0729840, 0x000001e5a072c510, 0x000001e5877bd390, 0x000001e5a09c79d0,
0x000001e5a1ed4050, 0x000001e5a22532d0, 0x000001e5a1bec170
}

Java Threads: ( => current thread )
  0x000001e58775e660 JavaThread "main" [_thread_blocked, id=24320, stack(0x00000071a3400000,0x00000071a3500000)]
  0x000001e587808f60 JavaThread "Reference Handler" daemon [_thread_blocked, id=13840, stack(0x00000071a3700000,0x00000071a3800000)]
  0x000001e59b5c1a30 JavaThread "Finalizer" daemon [_thread_blocked, id=11328, stack(0x00000071a3800000,0x00000071a3900000)]
  0x000001e59b5cbf00 JavaThread "Signal Dispatcher" daemon [_thread_blocked, id=12008, stack(0x00000071a3900000,0x00000071a3a00000)]
  0x000001e59b5cda40 JavaThread "Attach Listener" daemon [_thread_blocked, id=22360, stack(0x00000071a3a00000,0x00000071a3b00000)]
  0x000001e59b5ce510 JavaThread "Service Thread" daemon [_thread_blocked, id=17304, stack(0x00000071a3b00000,0x00000071a3c00000)]
  0x000001e5a06c7100 JavaThread "Monitor Deflation Thread" daemon [_thread_blocked, id=15884, stack(0x00000071a3c00000,0x00000071a3d00000)]
=>0x000001e5a06c9d10 JavaThread "C2 CompilerThread0" daemon [_thread_in_native, id=11836, stack(0x00000071a3d00000,0x00000071a3e00000)]
  0x000001e5a0729840 JavaThread "C1 CompilerThread0" daemon [_thread_blocked, id=7916, stack(0x00000071a3e00000,0x00000071a3f00000)]
  0x000001e5a072c510 JavaThread "Sweeper thread" daemon [_thread_blocked, id=21808, stack(0x00000071a3f00000,0x00000071a4000000)]
  0x000001e5877bd390 JavaThread "Common-Cleaner" daemon [_thread_blocked, id=23272, stack(0x00000071a4000000,0x00000071a4100000)]
  0x000001e5a09c79d0 JavaThread "Notification Thread" daemon [_thread_blocked, id=20180, stack(0x00000071a4100000,0x00000071a4200000)]
  0x000001e5a1ed4050 JavaThread "Active Thread: Equinox Container: 1a189c33-78ca-4272-83ff-b77c56147656" [_thread_blocked, id=21828, stack(0x00000071a4900000,0x00000071a4a00000)]
  0x000001e5a22532d0 JavaThread "Framework Event Dispatcher: Equinox Container: 1a189c33-78ca-4272-83ff-b77c56147656" daemon [_thread_blocked, id=11224, stack(0x00000071a4a00000,0x00000071a4b00000)]
  0x000001e5a1bec170 JavaThread "Start Level: Equinox Container: 1a189c33-78ca-4272-83ff-b77c56147656" daemon [_thread_in_native, id=13824, stack(0x00000071a4b00000,0x00000071a4c00000)]

Other Threads:
  0x000001e587807760 VMThread "VM Thread" [stack: 0x00000071a3600000,0x00000071a3700000] [id=7256]
  0x000001e5a0a5e3e0 WatcherThread [stack: 0x00000071a4200000,0x00000071a4300000] [id=17820]
  0x000001e587773010 GCTaskThread "GC Thread#0" [stack: 0x00000071a3500000,0x00000071a3600000] [id=24712]
  0x000001e5a1c18ee0 GCTaskThread "GC Thread#1" [stack: 0x00000071a4300000,0x00000071a4400000] [id=23280]
  0x000001e5a1c199b0 GCTaskThread "GC Thread#2" [stack: 0x00000071a4400000,0x00000071a4500000] [id=21472]
  0x000001e5a1c19c70 GCTaskThread "GC Thread#3" [stack: 0x00000071a4500000,0x00000071a4600000] [id=24776]
  0x000001e5a1ca3380 GCTaskThread "GC Thread#4" [stack: 0x00000071a4600000,0x00000071a4700000] [id=25452]
  0x000001e5a1ca3e50 GCTaskThread "GC Thread#5" [stack: 0x00000071a4700000,0x00000071a4800000] [id=14036]
  0x000001e5a1ca4110 GCTaskThread "GC Thread#6" [stack: 0x00000071a4800000,0x00000071a4900000] [id=12028]
  0x000001e5a1b05ef0 GCTaskThread "GC Thread#7" [stack: 0x00000071a4c00000,0x00000071a4d00000] [id=17248]

Threads with active compile tasks:
C2 CompilerThread0     8159 1794   !   4       java.lang.String::<init> (843 bytes)

VM state: not at safepoint (normal execution)

VM Mutex/Monitor currently owned by a thread: None

Heap address: 0x00000000c0000000, size: 1024 MB, Compressed Oops mode: 32-bit

CDS archive(s) not mapped
Compressed class space mapped at: 0x0000000100000000-0x0000000140000000, reserved size: 1073741824
Narrow klass base: 0x0000000000000000, Narrow klass shift: 3, Narrow klass range: 0x140000000

GC Precious Log:
 CPUs: 8 total, 8 available
 Memory: 7990M
 Large Page Support: Disabled
 NUMA Support: Disabled
 Compressed Oops: Enabled (32-bit)
 Alignments: Space 512K, Generation 512K, Heap 2M
 Heap Min Capacity: 100M
 Heap Initial Capacity: 100M
 Heap Max Capacity: 1G
 Pre-touch: Disabled
 Parallel Workers: 8

Heap:
 PSYoungGen      total 29696K, used 12936K [0x00000000eab00000, 0x00000000ecc00000, 0x0000000100000000)
  eden space 25600K, 34% used [0x00000000eab00000,0x00000000eb3a4318,0x00000000ec400000)
  from space 4096K, 99% used [0x00000000ec800000,0x00000000ecbfe028,0x00000000ecc00000)
  to   space 4096K, 0% used [0x00000000ec400000,0x00000000ec400000,0x00000000ec800000)
 ParOldGen       total 68608K, used 1451K [0x00000000c0000000, 0x00000000c4300000, 0x00000000eab00000)
  object space 68608K, 2% used [0x00000000c0000000,0x00000000c016ad20,0x00000000c4300000)
 Metaspace       used 15441K, committed 15680K, reserved 1114112K
  class space    used 1559K, committed 1664K, reserved 1048576K

Card table byte_map: [0x000001e587110000,0x000001e587320000] _byte_map_base: 0x000001e586b10000

Marking Bits: (ParMarkBitMap*) 0x00007ffc07c983a0
 Begin Bits: [0x000001e5993d0000, 0x000001e59a3d0000)
 End Bits:   [0x000001e59a3d0000, 0x000001e59b3d0000)

Polling page: 0x000001e585750000

Metaspace:

Usage:
  Non-class:     13.56 MB used.
      Class:      1.52 MB used.
       Both:     15.08 MB used.

Virtual space:
  Non-class space:       64.00 MB reserved,      13.69 MB ( 21%) committed,  1 nodes.
      Class space:        1.00 GB reserved,       1.62 MB ( <1%) committed,  1 nodes.
             Both:        1.06 GB reserved,      15.31 MB (  1%) committed. 

Chunk freelists:
   Non-Class:  2.30 MB
       Class:  14.38 MB
        Both:  16.67 MB

MaxMetaspaceSize: unlimited
CompressedClassSpaceSize: 1.00 GB
Initial GC threshold: 21.00 MB
Current GC threshold: 21.00 MB
CDS: off
MetaspaceReclaimPolicy: balanced
 - commit_granule_bytes: 65536.
 - commit_granule_words: 8192.
 - virtual_space_node_default_size: 8388608.
 - enlarge_chunks_in_place: 1.
 - new_chunks_are_fully_committed: 0.
 - uncommit_free_chunks: 1.
 - use_allocation_guard: 0.
 - handle_deallocations: 1.


Internal statistics:

num_allocs_failed_limit: 0.
num_arena_births: 98.
num_arena_deaths: 0.
num_vsnodes_births: 2.
num_vsnodes_deaths: 0.
num_space_committed: 245.
num_space_uncommitted: 0.
num_chunks_returned_to_freelist: 0.
num_chunks_taken_from_freelist: 307.
num_chunk_merges: 0.
num_chunk_splits: 196.
num_chunks_enlarged: 146.
num_inconsistent_stats: 0.

CodeHeap 'non-profiled nmethods': size=120000Kb used=743Kb max_used=743Kb free=119256Kb
 bounds [0x000001e591ea0000, 0x000001e592110000, 0x000001e5993d0000]
CodeHeap 'profiled nmethods': size=120000Kb used=3383Kb max_used=3383Kb free=116616Kb
 bounds [0x000001e58a3d0000, 0x000001e58a720000, 0x000001e591900000]
CodeHeap 'non-nmethods': size=5760Kb used=1167Kb max_used=1194Kb free=4592Kb
 bounds [0x000001e591900000, 0x000001e591b70000, 0x000001e591ea0000]
 total_blobs=2279 nmethods=1820 adapters=373
 compilation: enabled
              stopped_count=0, restarted_count=0
 full_count=0

Compilation events (20 events):
Event: 8.113 Thread 0x000001e5a0729840 1793   !   3       java.util.jar.Attributes::read (498 bytes)
Event: 8.114 Thread 0x000001e5a06c9d10 1794   !   4       java.lang.String::<init> (843 bytes)
Event: 8.117 Thread 0x000001e5a0729840 nmethod 1793 0x000001e58a70bd90 code [0x000001e58a70c580, 0x000001e58a7105a8]
Event: 8.117 Thread 0x000001e5a0729840 1796       3       java.util.LinkedHashMap::getOrDefault (29 bytes)
Event: 8.117 Thread 0x000001e5a0729840 nmethod 1796 0x000001e58a711f10 code [0x000001e58a7120c0, 0x000001e58a712318]
Event: 8.117 Thread 0x000001e5a0729840 1797       3       jdk.internal.misc.Unsafe::getInt (7 bytes)
Event: 8.117 Thread 0x000001e5a0729840 nmethod 1797 0x000001e58a712410 code [0x000001e58a7125a0, 0x000001e58a7126b8]
Event: 8.121 Thread 0x000001e5a0729840 1799       3       org.eclipse.osgi.storage.bundlefile.MRUBundleFileList::incUseStamp (57 bytes)
Event: 8.121 Thread 0x000001e5a0729840 nmethod 1799 0x000001e58a712790 code [0x000001e58a712940, 0x000001e58a712bd8]
Event: 8.124 Thread 0x000001e5a0729840 1800       3       java.lang.invoke.DirectMethodHandle$Holder::newInvokeSpecial (21 bytes)
Event: 8.124 Thread 0x000001e5a0729840 nmethod 1800 0x000001e58a712d10 code [0x000001e58a712f00, 0x000001e58a713648]
Event: 8.128 Thread 0x000001e5a0729840 1802       3       org.eclipse.osgi.storage.BundleInfo$CachedManifest::get (6 bytes)
Event: 8.129 Thread 0x000001e5a0729840 nmethod 1802 0x000001e58a713810 code [0x000001e58a7139c0, 0x000001e58a713b08]
Event: 8.129 Thread 0x000001e5a0729840 1803       3       org.eclipse.osgi.storage.BundleInfo$CachedManifest::get (115 bytes)
Event: 8.130 Thread 0x000001e5a0729840 nmethod 1803 0x000001e58a713b90 code [0x000001e58a713ea0, 0x000001e58a714e68]
Event: 8.130 Thread 0x000001e5a0729840 1804       3       org.eclipse.osgi.framework.util.CaseInsensitiveDictionaryMap$EntryIterator::hasNext (10 bytes)
Event: 8.130 Thread 0x000001e5a0729840 nmethod 1804 0x000001e58a715490 code [0x000001e58a715640, 0x000001e58a715808]
Event: 8.130 Thread 0x000001e5a0729840 1805   !   3       org.eclipse.osgi.storage.bundlefile.CloseableBundleFile::getEntry (28 bytes)
Event: 8.130 Thread 0x000001e5a0729840 nmethod 1805 0x000001e58a715910 code [0x000001e58a715b40, 0x000001e58a7164d8]
Event: 8.130 Thread 0x000001e5a0729840 1806       3       org.eclipse.osgi.framework.util.CaseInsensitiveDictionaryMap$CaseInsentiveEntry::getValue (10 bytes)

GC Heap History (4 events):
Event: 3.002 GC heap before
{Heap before GC invocations=1 (full 0):
 PSYoungGen      total 29696K, used 25600K [0x00000000eab00000, 0x00000000ecc00000, 0x0000000100000000)
  eden space 25600K, 100% used [0x00000000eab00000,0x00000000ec400000,0x00000000ec400000)
  from space 4096K, 0% used [0x00000000ec800000,0x00000000ec800000,0x00000000ecc00000)
  to   space 4096K, 0% used [0x00000000ec400000,0x00000000ec400000,0x00000000ec800000)
 ParOldGen       total 68608K, used 0K [0x00000000c0000000, 0x00000000c4300000, 0x00000000eab00000)
  object space 68608K, 0% used [0x00000000c0000000,0x00000000c0000000,0x00000000c4300000)
 Metaspace       used 11015K, committed 11200K, reserved 1114112K
  class space    used 1098K, committed 1216K, reserved 1048576K
}
Event: 3.010 GC heap after
{Heap after GC invocations=1 (full 0):
 PSYoungGen      total 29696K, used 3155K [0x00000000eab00000, 0x00000000ecc00000, 0x0000000100000000)
  eden space 25600K, 0% used [0x00000000eab00000,0x00000000eab00000,0x00000000ec400000)
  from space 4096K, 77% used [0x00000000ec400000,0x00000000ec714c38,0x00000000ec800000)
  to   space 4096K, 0% used [0x00000000ec800000,0x00000000ec800000,0x00000000ecc00000)
 ParOldGen       total 68608K, used 16K [0x00000000c0000000, 0x00000000c4300000, 0x00000000eab00000)
  object space 68608K, 0% used [0x00000000c0000000,0x00000000c0004000,0x00000000c4300000)
 Metaspace       used 11015K, committed 11200K, reserved 1114112K
  class space    used 1098K, committed 1216K, reserved 1048576K
}
Event: 7.870 GC heap before
{Heap before GC invocations=2 (full 0):
 PSYoungGen      total 29696K, used 28755K [0x00000000eab00000, 0x00000000ecc00000, 0x0000000100000000)
  eden space 25600K, 100% used [0x00000000eab00000,0x00000000ec400000,0x00000000ec400000)
  from space 4096K, 77% used [0x00000000ec400000,0x00000000ec714c38,0x00000000ec800000)
  to   space 4096K, 0% used [0x00000000ec800000,0x00000000ec800000,0x00000000ecc00000)
 ParOldGen       total 68608K, used 16K [0x00000000c0000000, 0x00000000c4300000, 0x00000000eab00000)
  object space 68608K, 0% used [0x00000000c0000000,0x00000000c0004000,0x00000000c4300000)
 Metaspace       used 14629K, committed 14848K, reserved 1114112K
  class space    used 1471K, committed 1600K, reserved 1048576K
}
Event: 7.877 GC heap after
{Heap after GC invocations=2 (full 0):
 PSYoungGen      total 29696K, used 4088K [0x00000000eab00000, 0x00000000ecc00000, 0x0000000100000000)
  eden space 25600K, 0% used [0x00000000eab00000,0x00000000eab00000,0x00000000ec400000)
  from space 4096K, 99% used [0x00000000ec800000,0x00000000ecbfe028,0x00000000ecc00000)
  to   space 4096K, 0% used [0x00000000ec400000,0x00000000ec400000,0x00000000ec800000)
 ParOldGen       total 68608K, used 1451K [0x00000000c0000000, 0x00000000c4300000, 0x00000000eab00000)
  object space 68608K, 2% used [0x00000000c0000000,0x00000000c016ad20,0x00000000c4300000)
 Metaspace       used 14629K, committed 14848K, reserved 1114112K
  class space    used 1471K, committed 1600K, reserved 1048576K
}

Dll operation events (9 events):
Event: 0.020 Loaded shared library c:\Users\asus\.vscode\extensions\redhat.java-1.23.0-win32-x64\jre\17.0.8.1-win32-x86_64\bin\java.dll
Event: 0.467 Loaded shared library c:\Users\asus\.vscode\extensions\redhat.java-1.23.0-win32-x64\jre\17.0.8.1-win32-x86_64\bin\zip.dll
Event: 0.478 Loaded shared library C:\Users\asus\.vscode\extensions\redhat.java-1.23.0-win32-x64\jre\17.0.8.1-win32-x86_64\bin\instrument.dll
Event: 0.511 Loaded shared library C:\Users\asus\.vscode\extensions\redhat.java-1.23.0-win32-x64\jre\17.0.8.1-win32-x86_64\bin\net.dll
Event: 0.514 Loaded shared library C:\Users\asus\.vscode\extensions\redhat.java-1.23.0-win32-x64\jre\17.0.8.1-win32-x86_64\bin\nio.dll
Event: 0.524 Loaded shared library C:\Users\asus\.vscode\extensions\redhat.java-1.23.0-win32-x64\jre\17.0.8.1-win32-x86_64\bin\zip.dll
Event: 0.564 Loaded shared library C:\Users\asus\.vscode\extensions\redhat.java-1.23.0-win32-x64\jre\17.0.8.1-win32-x86_64\bin\jimage.dll
Event: 0.827 Loaded shared library c:\Users\asus\.vscode\extensions\redhat.java-1.23.0-win32-x64\jre\17.0.8.1-win32-x86_64\bin\verify.dll
Event: 7.729 Loaded shared library C:\Users\asus\AppData\Roaming\Code\User\globalStorage\redhat.java\1.23.0\config_win\org.eclipse.equinox.launcher\org.eclipse.equinox.launcher.win32.win32.x86_64_1.2.700.v20221108-1024\eclipse_11801.dll

Deoptimization events (20 events):
Event: 7.899 Thread 0x000001e5a1bec170 Uncommon trap: trap_request=0xffffffde fr.pc=0x000001e591f04fdc relative=0x00000000000009dc
Event: 7.899 Thread 0x000001e5a1bec170 Uncommon trap: reason=class_check action=maybe_recompile pc=0x000001e591f04fdc method=java.io.DataInputStream.readInt()I @ 4 c2
Event: 7.899 Thread 0x000001e5a1bec170 DEOPT PACKING pc=0x000001e591f04fdc sp=0x00000071a4bfd8f0
Event: 7.899 Thread 0x000001e5a1bec170 DEOPT UNPACKING pc=0x000001e5919566a3 sp=0x00000071a4bfd8b0 mode 2
Event: 7.963 Thread 0x000001e5a1bec170 Uncommon trap: trap_request=0xffffff45 fr.pc=0x000001e591ee8af4 relative=0x0000000000000074
Event: 7.963 Thread 0x000001e5a1bec170 Uncommon trap: reason=unstable_if action=reinterpret pc=0x000001e591ee8af4 method=jdk.internal.misc.Unsafe.convEndian(ZJ)J @ 4 c2
Event: 7.963 Thread 0x000001e5a1bec170 DEOPT PACKING pc=0x000001e591ee8af4 sp=0x00000071a4bfc2f0
Event: 7.963 Thread 0x000001e5a1bec170 DEOPT UNPACKING pc=0x000001e5919566a3 sp=0x00000071a4bfc218 mode 2
Event: 7.986 Thread 0x000001e5a1bec170 Uncommon trap: trap_request=0xffffff45 fr.pc=0x000001e591f4ecd8 relative=0x0000000000000bb8
Event: 7.986 Thread 0x000001e5a1bec170 Uncommon trap: reason=unstable_if action=reinterpret pc=0x000001e591f4ecd8 method=java.util.concurrent.ConcurrentHashMap.putVal(Ljava/lang/Object;Ljava/lang/Object;Z)Ljava/lang/Object; @ 148 c2
Event: 7.986 Thread 0x000001e5a1bec170 DEOPT PACKING pc=0x000001e591f4ecd8 sp=0x00000071a4bfe100
Event: 7.986 Thread 0x000001e5a1bec170 DEOPT UNPACKING pc=0x000001e5919566a3 sp=0x00000071a4bfe080 mode 2
Event: 8.112 Thread 0x000001e5a1bec170 Uncommon trap: trap_request=0xffffff45 fr.pc=0x000001e591f58b08 relative=0x0000000000000088
Event: 8.112 Thread 0x000001e5a1bec170 Uncommon trap: reason=unstable_if action=reinterpret pc=0x000001e591f58b08 method=java.util.jar.Manifest$FastInputStream.peek()B @ 8 c2
Event: 8.112 Thread 0x000001e5a1bec170 DEOPT PACKING pc=0x000001e591f58b08 sp=0x00000071a4bfd340
Event: 8.112 Thread 0x000001e5a1bec170 DEOPT UNPACKING pc=0x000001e5919566a3 sp=0x00000071a4bfd2d8 mode 2
Event: 8.112 Thread 0x000001e5a1bec170 Uncommon trap: trap_request=0xffffff45 fr.pc=0x000001e591ee2db8 relative=0x0000000000002038
Event: 8.112 Thread 0x000001e5a1bec170 Uncommon trap: reason=unstable_if action=reinterpret pc=0x000001e591ee2db8 method=java.util.jar.Manifest$FastInputStream.readLine([BII)I @ 130 c2
Event: 8.113 Thread 0x000001e5a1bec170 DEOPT PACKING pc=0x000001e591ee2db8 sp=0x00000071a4bfd280
Event: 8.113 Thread 0x000001e5a1bec170 DEOPT UNPACKING pc=0x000001e5919566a3 sp=0x00000071a4bfd160 mode 2

Classes unloaded (0 events):
No events

Classes redefined (0 events):
No events

Internal exceptions (20 events):
Event: 2.330 Thread 0x000001e58775e660 Exception <a 'java/lang/ClassNotFoundException'{0x00000000ec0a2f70}: sun/net/www/protocol/d/Handler> (0x00000000ec0a2f70) 
thrown [s\src\hotspot\share\classfile\systemDictionary.cpp, line 256]
Event: 2.330 Thread 0x000001e58775e660 Exception <a 'java/lang/ClassNotFoundException'{0x00000000ec0a40e8}: sun/net/www/protocol/c/Handler> (0x00000000ec0a40e8) 
thrown [s\src\hotspot\share\classfile\systemDictionary.cpp, line 256]
Event: 2.351 Thread 0x000001e58775e660 Exception <a 'java/io/FileNotFoundException'{0x00000000ec0cabd8}> (0x00000000ec0cabd8) 
thrown [s\src\hotspot\share\prims\jni.cpp, line 516]
Event: 2.499 Thread 0x000001e58775e660 Implicit null exception at 0x000001e591edf560 to 0x000001e591edff9c
Event: 2.500 Thread 0x000001e58775e660 Implicit null exception at 0x000001e591ef3eec to 0x000001e591ef40cc
Event: 2.500 Thread 0x000001e58775e660 Implicit null exception at 0x000001e591ef346c to 0x000001e591ef364c
Event: 2.500 Thread 0x000001e58775e660 Implicit null exception at 0x000001e591eddf0f to 0x000001e591eddf89
Event: 2.632 Thread 0x000001e58775e660 Exception <a 'java/lang/NoSuchMethodError'{0x00000000ec393fc0}: 'int java.lang.invoke.DirectMethodHandle$Holder.invokeStaticInit(java.lang.Object, java.lang.Object, java.lang.Object, java.lang.Object)'> (0x00000000ec393fc0) 
thrown [s\src\hotspot\share\interpreter\linkResolver.cpp, line 759]
Event: 2.635 Thread 0x000001e58775e660 Exception <a 'java/lang/NoSuchMethodError'{0x00000000ec39e630}: 'java.lang.Object java.lang.invoke.DirectMethodHandle$Holder.invokeInterface(java.lang.Object, java.lang.Object)'> (0x00000000ec39e630) 
thrown [s\src\hotspot\share\interpreter\linkResolver.cpp, line 759]
Event: 2.636 Thread 0x000001e58775e660 Exception <a 'java/lang/IncompatibleClassChangeError'{0x00000000ec3a1e28}: Found class java.lang.Object, but interface was expected> (0x00000000ec3a1e28) 
thrown [s\src\hotspot\share\interpreter\linkResolver.cpp, line 826]
Event: 2.638 Thread 0x000001e58775e660 Exception <a 'java/lang/NoSuchMethodError'{0x00000000ec3a6320}: 'void java.lang.invoke.DirectMethodHandle$Holder.invokeStatic(java.lang.Object, java.lang.Object)'> (0x00000000ec3a6320) 
thrown [s\src\hotspot\share\interpreter\linkResolver.cpp, line 759]
Event: 2.639 Thread 0x000001e58775e660 Exception <a 'java/lang/NoSuchMethodError'{0x00000000ec3a9b20}: 'void java.lang.invoke.DirectMethodHandle$Holder.invokeStaticInit(java.lang.Object, java.lang.Object)'> (0x00000000ec3a9b20) 
thrown [s\src\hotspot\share\interpreter\linkResolver.cpp, line 759]
Event: 2.641 Thread 0x000001e58775e660 Exception <a 'java/lang/NoSuchMethodError'{0x00000000ec3b0fb8}: 'int java.lang.invoke.DirectMethodHandle$Holder.invokeStaticInit(java.lang.Object, java.lang.Object)'> (0x00000000ec3b0fb8) 
thrown [s\src\hotspot\share\interpreter\linkResolver.cpp, line 759]
Event: 4.945 Thread 0x000001e58775e660 Exception <a 'java/lang/NoSuchMethodError'{0x00000000eac38320}: 'void java.lang.invoke.DirectMethodHandle$Holder.invokeSpecial(java.lang.Object, java.lang.Object, java.lang.Object)'> (0x00000000eac38320) 
thrown [s\src\hotspot\share\interpreter\linkResolver.cpp, line 759]
Event: 7.488 Thread 0x000001e58775e660 Exception <a 'java/lang/NoSuchMethodError'{0x00000000eb9bcff0}: 'java.lang.Object java.lang.invoke.DirectMethodHandle$Holder.newInvokeSpecial(java.lang.Object, int, java.lang.Object)'> (0x00000000eb9bcff0) 
thrown [s\src\hotspot\share\interpreter\linkResolver.cpp, line 759]
Event: 7.723 Thread 0x000001e58775e660 Exception <a 'java/lang/UnsatisfiedLinkError'{0x00000000ebf51040}: 'void org.eclipse.equinox.launcher.JNIBridge._update_splash()'> (0x00000000ebf51040) 
thrown [s\src\hotspot\share\prims\nativeLookup.cpp, line 543]
Event: 7.828 Thread 0x000001e5a1bec170 Exception <a 'java/lang/NoSuchMethodError'{0x00000000ec2ba1a8}: 'java.lang.Object java.lang.invoke.DirectMethodHandle$Holder.invokeStaticInit(java.lang.Object)'> (0x00000000ec2ba1a8) 
thrown [s\src\hotspot\share\interpreter\linkResolver.cpp, line 759]
Event: 7.852 Thread 0x000001e5a1bec170 Exception <a 'java/lang/NoSuchMethodError'{0x00000000ec380590}: 'java.lang.Object java.lang.invoke.DirectMethodHandle$Holder.newInvokeSpecial(java.lang.Object, java.lang.Object, int, java.lang.Object)'> (0x00000000ec380590) 
thrown [s\src\hotspot\share\interpreter\linkResolver.cpp, line 759]
Event: 7.853 Thread 0x000001e5a1bec170 Exception <a 'java/lang/NoSuchMethodError'{0x00000000ec384878}: 'java.lang.Object java.lang.invoke.DirectMethodHandle$Holder.invokeSpecial(java.lang.Object, java.lang.Object, java.lang.Object, int, java.lang.Object)'> (0x00000000ec384878) 
thrown [s\src\hotspot\share\interpreter\linkResolver.cpp, line 759]
Event: 7.941 Thread 0x000001e5a1bec170 Exception <a 'java/lang/ClassNotFoundException'{0x00000000ead4aaf8}: sun/util/logging/resources/spi/loggingProvider> (0x00000000ead4aaf8) 
thrown [s\src\hotspot\share\classfile\systemDictionary.cpp, line 256]

VM Operations (20 events):
Event: 7.427 Executing VM operation: HandshakeAllThreads
Event: 7.443 Executing VM operation: HandshakeAllThreads done
Event: 7.443 Executing VM operation: Cleanup
Event: 7.444 Executing VM operation: Cleanup done
Event: 7.444 Executing VM operation: HandshakeAllThreads
Event: 7.444 Executing VM operation: HandshakeAllThreads done
Event: 7.453 Executing VM operation: HandshakeAllThreads
Event: 7.453 Executing VM operation: HandshakeAllThreads done
Event: 7.477 Executing VM operation: HandshakeAllThreads
Event: 7.477 Executing VM operation: HandshakeAllThreads done
Event: 7.809 Executing VM operation: HandshakeAllThreads
Event: 7.809 Executing VM operation: HandshakeAllThreads done
Event: 7.870 Executing VM operation: ParallelGCFailedAllocation
Event: 7.877 Executing VM operation: ParallelGCFailedAllocation done
Event: 7.899 Executing VM operation: HandshakeAllThreads
Event: 7.899 Executing VM operation: HandshakeAllThreads done
Event: 7.962 Executing VM operation: HandshakeAllThreads
Event: 7.962 Executing VM operation: HandshakeAllThreads done
Event: 7.985 Executing VM operation: HandshakeAllThreads
Event: 7.985 Executing VM operation: HandshakeAllThreads done

Events (20 events):
Event: 7.969 loading class sun/util/resources/Bundles$CacheKey
Event: 7.969 loading class sun/util/resources/Bundles$CacheKey done
Event: 7.969 loading class java/util/ResourceBundle$NoFallbackControl
Event: 7.969 loading class java/util/ResourceBundle$SingleFormatControl
Event: 7.969 loading class java/util/ResourceBundle$SingleFormatControl done
Event: 7.969 loading class java/util/ResourceBundle$NoFallbackControl done
Event: 7.970 loading class sun/text/resources/cldr/FormatData
Event: 7.971 loading class sun/text/resources/cldr/FormatData done
Event: 7.971 loading class sun/util/resources/Bundles$BundleReference
Event: 7.971 loading class sun/util/resources/Bundles$CacheKeyReference
Event: 7.971 loading class sun/util/resources/Bundles$CacheKeyReference done
Event: 7.971 loading class sun/util/resources/Bundles$BundleReference done
Event: 7.971 loading class sun/text/resources/cldr/FormatData_en
Event: 7.972 loading class sun/text/resources/cldr/FormatData_en done
Event: 7.972 loading class sun/text/resources/cldr/FormatData_en_US
Event: 7.972 loading class sun/text/resources/cldr/FormatData_en_US done
Event: 7.973 loading class java/time/LocalTime$1
Event: 7.973 loading class java/time/LocalTime$1 done
Event: 7.973 loading class java/util/Formattable
Event: 7.973 loading class java/util/Formattable done


Dynamic libraries:
0x00007ff6896c0000 - 0x00007ff6896ce000 	c:\Users\asus\.vscode\extensions\redhat.java-1.23.0-win32-x64\jre\17.0.8.1-win32-x86_64\bin\java.exe
0x00007ffc9ae10000 - 0x00007ffc9b024000 	C:\WINDOWS\SYSTEM32\ntdll.dll
0x00007ffc9a260000 - 0x00007ffc9a324000 	C:\WINDOWS\System32\KERNEL32.DLL
0x00007ffc98480000 - 0x00007ffc98824000 	C:\WINDOWS\System32\KERNELBASE.dll
0x00007ffc982a0000 - 0x00007ffc983b1000 	C:\WINDOWS\System32\ucrtbase.dll
0x00007ffc8c730000 - 0x00007ffc8c747000 	c:\Users\asus\.vscode\extensions\redhat.java-1.23.0-win32-x64\jre\17.0.8.1-win32-x86_64\bin\jli.dll
0x00007ffc96810000 - 0x00007ffc96829000 	c:\Users\asus\.vscode\extensions\redhat.java-1.23.0-win32-x64\jre\17.0.8.1-win32-x86_64\bin\VCRUNTIME140.dll
0x00007ffc98bd0000 - 0x00007ffc98d7a000 	C:\WINDOWS\System32\USER32.dll
0x00007ffc981f0000 - 0x00007ffc98216000 	C:\WINDOWS\System32\win32u.dll
0x00007ffc974b0000 - 0x00007ffc9773f000 	C:\WINDOWS\WinSxS\amd64_microsoft.windows.common-controls_6595b64144ccf1df_6.0.22621.2070_none_2713e6537381f706\COMCTL32.dll
0x00007ffc9a230000 - 0x00007ffc9a259000 	C:\WINDOWS\System32\GDI32.dll
0x00007ffc98ab0000 - 0x00007ffc98bc9000 	C:\WINDOWS\System32\gdi32full.dll
0x00007ffc9a180000 - 0x00007ffc9a227000 	C:\WINDOWS\System32\msvcrt.dll
0x00007ffc989a0000 - 0x00007ffc98a3a000 	C:\WINDOWS\System32\msvcp_win.dll
0x00007ffc9a340000 - 0x00007ffc9a371000 	C:\WINDOWS\System32\IMM32.DLL
0x00007ffc8c170000 - 0x00007ffc8c17c000 	c:\Users\asus\.vscode\extensions\redhat.java-1.23.0-win32-x64\jre\17.0.8.1-win32-x86_64\bin\vcruntime140_1.dll
0x00007ffc42b80000 - 0x00007ffc42c11000 	c:\Users\asus\.vscode\extensions\redhat.java-1.23.0-win32-x64\jre\17.0.8.1-win32-x86_64\bin\msvcp140.dll
0x00007ffc07110000 - 0x00007ffc07d5c000 	c:\Users\asus\.vscode\extensions\redhat.java-1.23.0-win32-x64\jre\17.0.8.1-win32-x86_64\bin\server\jvm.dll
0x00007ffc9a5c0000 - 0x00007ffc9a670000 	C:\WINDOWS\System32\ADVAPI32.dll
0x00007ffc990a0000 - 0x00007ffc99146000 	C:\WINDOWS\System32\sechost.dll
0x00007ffc99440000 - 0x00007ffc99557000 	C:\WINDOWS\System32\RPCRT4.dll
0x00007ffc97e60000 - 0x00007ffc97ead000 	C:\WINDOWS\SYSTEM32\POWRPROF.dll
0x00007ffc73430000 - 0x00007ffc73439000 	C:\WINDOWS\SYSTEM32\WSOCK32.dll
0x00007ffc993c0000 - 0x00007ffc99431000 	C:\WINDOWS\System32\WS2_32.dll
0x00007ffc8b0f0000 - 0x00007ffc8b124000 	C:\WINDOWS\SYSTEM32\WINMM.dll
0x00007ffc96570000 - 0x00007ffc9657a000 	C:\WINDOWS\SYSTEM32\VERSION.dll
0x00007ffc97e40000 - 0x00007ffc97e53000 	C:\WINDOWS\SYSTEM32\UMPDC.dll
0x00007ffc96300000 - 0x00007ffc96318000 	C:\WINDOWS\SYSTEM32\kernel.appcore.dll
0x00007ffc8a8b0000 - 0x00007ffc8a8ba000 	c:\Users\asus\.vscode\extensions\redhat.java-1.23.0-win32-x64\jre\17.0.8.1-win32-x86_64\bin\jimage.dll
0x00007ffc97a80000 - 0x00007ffc97cae000 	C:\WINDOWS\SYSTEM32\DBGHELP.DLL
0x00007ffc99df0000 - 0x00007ffc9a17a000 	C:\WINDOWS\System32\combase.dll
0x00007ffc9a450000 - 0x00007ffc9a527000 	C:\WINDOWS\System32\OLEAUT32.dll
0x00007ffc97920000 - 0x00007ffc97952000 	C:\WINDOWS\SYSTEM32\dbgcore.DLL
0x00007ffc98220000 - 0x00007ffc9829a000 	C:\WINDOWS\System32\bcryptPrimitives.dll
0x00007ffc8a8a0000 - 0x00007ffc8a8ae000 	c:\Users\asus\.vscode\extensions\redhat.java-1.23.0-win32-x64\jre\17.0.8.1-win32-x86_64\bin\instrument.dll
0x00007ffc7fa80000 - 0x00007ffc7faa5000 	c:\Users\asus\.vscode\extensions\redhat.java-1.23.0-win32-x64\jre\17.0.8.1-win32-x86_64\bin\java.dll
0x00007ffc82290000 - 0x00007ffc822a8000 	c:\Users\asus\.vscode\extensions\redhat.java-1.23.0-win32-x64\jre\17.0.8.1-win32-x86_64\bin\zip.dll
0x00007ffc995d0000 - 0x00007ffc99de6000 	C:\WINDOWS\System32\SHELL32.dll
0x00007ffc95260000 - 0x00007ffc95b4a000 	C:\WINDOWS\SYSTEM32\windows.storage.dll
0x00007ffc95120000 - 0x00007ffc9525e000 	C:\WINDOWS\SYSTEM32\wintypes.dll
0x00007ffc98fa0000 - 0x00007ffc99093000 	C:\WINDOWS\System32\SHCORE.dll
0x00007ffc99570000 - 0x00007ffc995ce000 	C:\WINDOWS\System32\shlwapi.dll
0x00007ffc98120000 - 0x00007ffc98146000 	C:\WINDOWS\SYSTEM32\profapi.dll
0x00007ffc82250000 - 0x00007ffc82269000 	C:\Users\asus\.vscode\extensions\redhat.java-1.23.0-win32-x64\jre\17.0.8.1-win32-x86_64\bin\net.dll
0x00007ffc8d8a0000 - 0x00007ffc8d9d7000 	C:\WINDOWS\SYSTEM32\WINHTTP.dll
0x00007ffc970a0000 - 0x00007ffc97109000 	C:\WINDOWS\system32\mswsock.dll
0x00007ffc81570000 - 0x00007ffc81585000 	C:\Users\asus\.vscode\extensions\redhat.java-1.23.0-win32-x64\jre\17.0.8.1-win32-x86_64\bin\nio.dll
0x00007ffc81ee0000 - 0x00007ffc81ef0000 	c:\Users\asus\.vscode\extensions\redhat.java-1.23.0-win32-x64\jre\17.0.8.1-win32-x86_64\bin\verify.dll
0x00007ffc7e100000 - 0x00007ffc7e13e000 	C:\Users\asus\AppData\Roaming\Code\User\globalStorage\redhat.java\1.23.0\config_win\org.eclipse.equinox.launcher\org.eclipse.equinox.launcher.win32.win32.x86_64_1.2.700.v20221108-1024\eclipse_11801.dll
0x00007ffc99150000 - 0x00007ffc992ec000 	C:\WINDOWS\System32\ole32.dll

dbghelp: loaded successfully - version: 4.0.5 - missing functions: none
symbol engine: initialized successfully - sym options: 0x614 - pdb path: .;c:\Users\asus\.vscode\extensions\redhat.java-1.23.0-win32-x64\jre\17.0.8.1-win32-x86_64\bin;C:\WINDOWS\SYSTEM32;C:\WINDOWS\WinSxS\amd64_microsoft.windows.common-controls_6595b64144ccf1df_6.0.22621.2070_none_2713e6537381f706;c:\Users\asus\.vscode\extensions\redhat.java-1.23.0-win32-x64\jre\17.0.8.1-win32-x86_64\bin\server;C:\Users\asus\AppData\Roaming\Code\User\globalStorage\redhat.java\1.23.0\config_win\org.eclipse.equinox.launcher\org.eclipse.equinox.launcher.win32.win32.x86_64_1.2.700.v20221108-1024

VM Arguments:
jvm_args: --add-modules=ALL-SYSTEM --add-opens=java.base/java.util=ALL-UNNAMED --add-opens=java.base/java.lang=ALL-UNNAMED --add-opens=java.base/sun.nio.fs=ALL-UNNAMED -Declipse.application=org.eclipse.jdt.ls.core.id1 -Dosgi.bundles.defaultStartLevel=4 -Declipse.product=org.eclipse.jdt.ls.core.product -Djava.import.generatesMetadataFilesAtProjectRoot=false -DDetectVMInstallationsJob.disabled=true -Dfile.encoding=utf8 -XX:+UseParallelGC -XX:GCTimeRatio=4 -XX:AdaptiveSizePolicyWeight=90 -Dsun.zip.disableMemoryMapping=true -Xmx1G -Xms100m -Xlog:disable -javaagent:c:\Users\asus\.vscode\extensions\redhat.java-1.23.0-win32-x64\lombok\lombok-1.18.30.jar -XX:+HeapDumpOnOutOfMemoryError -XX:HeapDumpPath=c:\Users\asus\AppData\Roaming\Code\User\workspaceStorage\b60d74ec3a1dd348aca232555048b1a8\redhat.java -Daether.dependencyCollector.impl=bf 
java_command: c:\Users\asus\.vscode\extensions\redhat.java-1.23.0-win32-x64\server\plugins\org.eclipse.equinox.launcher_1.6.500.v20230717-2134.jar -configuration c:\Users\asus\AppData\Roaming\Code\User\globalStorage\redhat.java\1.23.0\config_win -data c:\Users\asus\AppData\Roaming\Code\User\workspaceStorage\b60d74ec3a1dd348aca232555048b1a8\redhat.java\jdt_ws
java_class_path (initial): c:\Users\asus\.vscode\extensions\redhat.java-1.23.0-win32-x64\server\plugins\org.eclipse.equinox.launcher_1.6.500.v20230717-2134.jar
Launcher Type: SUN_STANDARD

[Global flags]
    uintx AdaptiveSizePolicyWeight                 = 90                                        {product} {command line}
     intx CICompilerCount                          = 4                                         {product} {ergonomic}
    uintx GCTimeRatio                              = 4                                         {product} {command line}
     bool HeapDumpOnOutOfMemoryError               = true                                   {manageable} {command line}
    ccstr HeapDumpPath                             = c:\Users\asus\AppData\Roaming\Code\User\workspaceStorage\b60d74ec3a1dd348aca232555048b1a8\redhat.java         {manageable} {command line}
   size_t InitialHeapSize                          = 104857600                                 {product} {command line}
   size_t MaxHeapSize                              = 1073741824                                {product} {command line}
   size_t MaxNewSize                               = 357564416                                 {product} {ergonomic}
   size_t MinHeapDeltaBytes                        = 524288                                    {product} {ergonomic}
   size_t MinHeapSize                              = 104857600                                 {product} {command line}
   size_t NewSize                                  = 34603008                                  {product} {ergonomic}
    uintx NonNMethodCodeHeapSize                   = 5839372                                {pd product} {ergonomic}
    uintx NonProfiledCodeHeapSize                  = 122909434                              {pd product} {ergonomic}
   size_t OldSize                                  = 70254592                                  {product} {ergonomic}
    uintx ProfiledCodeHeapSize                     = 122909434                              {pd product} {ergonomic}
    uintx ReservedCodeCacheSize                    = 251658240                              {pd product} {ergonomic}
     bool SegmentedCodeCache                       = true                                      {product} {ergonomic}
   size_t SoftMaxHeapSize                          = 1073741824                             {manageable} {ergonomic}
     bool UseCompressedClassPointers               = true                           {product lp64_product} {ergonomic}
     bool UseCompressedOops                        = true                           {product lp64_product} {ergonomic}
     bool UseLargePagesIndividualAllocation        = false                                  {pd product} {ergonomic}
     bool UseParallelGC                            = true                                      {product} {command line}

Logging:
Log output configuration:
 #0: stdout all=off uptime,level,tags
 #1: stderr all=off uptime,level,tags

Environment Variables:
JAVA_HOME=C:\Program Files\Java\jdk-11
PATH=C:\Program Files (x86)\Google\Chrome\Application;C:\Program Files\Common Files\Oracle\Java\javapath;C:\Program Files (x86)\Common Files\Oracle\Java\javapath;C:\Windows\system32;C:\Windows;C:\Windows\System32\Wbem;C:\Windows\System32\WindowsPowerShell\v1.0\;C:\Windows\System32\OpenSSH\;C:\Program Files (x86)\NVIDIA Corporation\PhysX\Common;C:\Program Files (x86)\QuickTime\QTSystem\;C:\MinGW\bin;C:\Program Files\Microsoft SQL Server\Client SDK\ODBC\170\Tools\Binn\;C:\Program Files (x86)\Microsoft SQL Server\150\Tools\Binn\;C:\Program Files\Microsoft SQL Server\150\Tools\Binn\;C:\Program Files\Microsoft SQL Server\150\DTS\Binn\;C:\Program Files (x86)\Microsoft SQL Server\150\DTS\Binn\;C:\Program Files\Azure Data Studio\bin;C:\WINDOWS\system32;C:\WINDOWS;C:\WINDOWS\System32\Wbem;C:\WINDOWS\System32\WindowsPowerShell\v1.0\;C:\WINDOWS\System32\OpenSSH\;C:\Program Files\apache-maven-3.8.5\bin;C:\Program Files\MongoDB\Server\5.0\bin;C:\Program Files\nodejs\;C:\Program Files\Git\cmd;D:\Dart\dart-sdk\bin;C:\ProgramData\ComposerSetup\bin;C:\Users\asus\Downloads\mysql-8.0.30-winx64\mysql-8.0.30-winx64\bin;C:\xampp\php;C:\Program Files\CMake\bin;C:\Users\asus\Downloads\mysql-8.0.32-winx64\mysql-8.0.32-winx64\bin;C:\Program Files\nodejs\node_modules\npm\bin;C:\Users\asus\AppData\Roaming\npm;C:\Users\asus\AppData\Local\Programs\Microsoft VS Code\bin;C:\Program Files\Java\jdk-11\bin;D:\kafka_2.13-3.4.0\bin;C:\ProgramData\chocolatey\bin;D:\kubectl;C:\src\flutter\bin;C:\src\flutter\bin\cache\dart-sdk\bin;C:\Users\asus\AppData\Local\Pub\Cache\bin;C:\Users\asus\AppData\Local\Programs\Python\Python311\Scripts\;C:\Users\asus\AppData\Local\Programs\Python\Python311\;C:\Users\asus\AppData\Local\Programs\Python\Launcher\;C:\Program Files\Java\jdk-11.0.14;C:\Users\asus\AppData\Local\GitHubDesktop\bin;C:\Users\asus\AppData\Local\Programs\Microsoft VS Code\bin;C:\Grader;C:\src\flutter\bin;C:\src\flutter\bin\cache\dart-sdk\bin;
USERNAME=asus
OS=Windows_NT
PROCESSOR_IDENTIFIER=Intel64 Family 6 Model 142 Stepping 12, GenuineIntel
TMP=C:\Users\asus\AppData\Local\Temp
TEMP=C:\Users\asus\AppData\Local\Temp



---------------  S Y S T E M  ---------------

OS:
 Windows 11 , 64 bit Build 22621 (10.0.22621.2070)
OS uptime: 1 days 17:21 hours
Hyper-V role detected

CPU: total 8 (initial active 8) (4 cores per cpu, 2 threads per core) family 6 model 142 stepping 12 microcode 0xde, cx8, cmov, fxsr, ht, mmx, 3dnowpref, sse, sse2, sse3, ssse3, sse4.1, sse4.2, popcnt, lzcnt, tsc, tscinvbit, avx, avx2, aes, erms, clmul, bmi1, bmi2, adx, fma, vzeroupper, clflush, clflushopt, hv
Processor Information for all 8 processors :
  Max Mhz: 2112, Current Mhz: 1609, Mhz Limit: 1605

Memory: 4k page, system-wide physical 7990M (293M free)
TotalPageFile size 32566M (AvailPageFile size 0M)
current process WorkingSet (physical memory assigned to process): 95M, peak: 95M
current process commit charge ("private bytes"): 210M, peak: 210M

vm_info: OpenJDK 64-Bit Server VM (17.0.8.1+1) for windows-amd64 JRE (17.0.8.1+1), built on Aug 23 2023 15:29:17 by "admin" with MS VC++ 16.7 (VS2019)

END.
